<?xml version="1.0" encoding="UTF-8"?>
<!-- Generated by org.testng.reporters.JUnitXMLReporter -->
<testsuite ignored="0" hostname="ADMIN" failures="0" tests="6" name="Online Banking Tests" time="23.699" errors="0" timestamp="2026-09-15T13:53:24 IST">
  <testcase classname="Tests.logintest" name="validLogintest" time="0.873"/>
  <testcase classname="Tests.AccountTest" name="verifyAccountDetailsDisplayed" time="1.386"/>
  <testcase classname="Tests.BeneficiaryTest" name="inspectBeneficiaryPage" time="1.33"/>
  <testcase classname="Tests.FundTransferTest" name="validFundTransferTest" time="2.577"/>
  <testcase classname="Tests.TransactionHistoryTest" name="verifyTransactionHistory" time="3.254"/>
  <testcase classname="Tests.BrowserTest" name="openParaBank" time="0.018"/>
</testsuite> <!-- Online Banking Tests -->
